2024-08-15T19:07:50.574Z P:9088 T:15064] SyncServiceImpl::Initialize,SyncState after the account was authenticated: NotSignedIn
2024-08-15T19:07:50.993Z P:9088 T:17012] SyncManagerImpl::ConfigureSyncer,Types to download: Encryption Keys
2024-08-15T19:08:00.158Z P:9088 T:15064] ModelLoadManager::Configure,Desired: Device Info, User Consents, Send Tab To Self, Encryption Keys preferred: Device Info, User Consents, Send Tab To Self, Encryption Keys
2024-08-15T19:08:00.159Z P:9088 T:15064] ModelLoadManager::LoadDesiredTypes,Desired: Device Info, User Consents, Send Tab To Self
2024-08-15T19:08:00.166Z P:9088 T:15064] ModelLoadManager::ModelLoadCallback,Load Device Info: success
2024-08-15T19:08:00.166Z P:9088 T:15064] ModelLoadManager::ModelLoadCallback,Load User Consents: success
2024-08-15T19:08:00.166Z P:9088 T:15064] ModelLoadManager::ModelLoadCallback,Load Send Tab To Self: success
2024-08-15T19:08:00.166Z P:9088 T:15064] ModelLoadManager::NotifyDelegateIfReadyForConfigure,All data types are ready for configuration
2024-08-15T19:08:00.166Z P:9088 T:15064] DataTypeManagerImpl::OnAllDataTypesReadyForConfigure,All data types are ready for configuration
2024-08-15T19:08:00.166Z P:9088 T:15064] DataTypeManagerImpl::StartNextConfiguration,Size: 3 front: Encryption Keys
2024-08-15T19:08:00.166Z P:9088 T:15064] DataTypeManagerImpl::PrepareConfigureParams,Add types: 
2024-08-15T19:08:00.166Z P:9088 T:9704] SyncManagerImpl::ConfigureSyncer,Types to download: 
2024-08-15T19:08:00.195Z P:9088 T:15064] DataTypeManagerImpl::ConfigurationCompleted,Left: 2
2024-08-15T19:08:00.195Z P:9088 T:15064] DataTypeManagerImpl::StartNextConfiguration,Size: 2 front: Device Info, Send Tab To Self
2024-08-15T19:08:00.195Z P:9088 T:15064] DataTypeManagerImpl::PrepareConfigureParams,Add types: Device Info, Send Tab To Self, Encryption Keys
2024-08-15T19:08:00.195Z P:9088 T:9704] SyncManagerImpl::ConfigureSyncer,Types to download: Device Info, Send Tab To Self, Encryption Keys
2024-08-15T19:08:00.491Z P:9088 T:15064] DataTypeManagerImpl::ConfigurationCompleted,Left: 1
2024-08-15T19:08:00.491Z P:9088 T:15064] DataTypeManagerImpl::StartNextConfiguration,Size: 1 front: User Consents
2024-08-15T19:08:00.491Z P:9088 T:15064] DataTypeManagerImpl::PrepareConfigureParams,Add types: 
2024-08-15T19:08:00.491Z P:9088 T:9704] SyncManagerImpl::ConfigureSyncer,Types to download: 
2024-08-15T19:08:00.493Z P:9088 T:15064] DataTypeManagerImpl::ConfigurationCompleted,Left: 0
2024-08-15T19:08:00.920Z P:9088 T:9704] Commit::PostAndProcessResponse,Device Info: Success
2024-08-15T19:08:00.920Z P:9088 T:9704] Commit::PostAndProcessResponse,User Consents: Success
2024-08-15T19:56:06.171Z P:9088 T:15064] SyncServiceImpl::ResetEngine,Reason: 0
